2026-04-17T15:24:08.254734300 INFO  Starting rule engine
2026-04-17T15:24:08.610740300 INFO  Read 1000 rows from CSV
2026-04-17T15:25:42.942349300 INFO  Starting rule engine
2026-04-17T15:25:43.244225800 INFO  Read 1000 rows from CSV
2026-04-17T15:25:44.372788200 ERROR Database write failed: Unknown database 'ruleengine'
2026-04-17T15:25:44.373779500 INFO  Rule engine finished
2026-04-17T15:25:51.454156600 INFO  Starting rule engine
2026-04-17T15:25:51.750907800 INFO  Read 1000 rows from CSV
2026-04-17T15:25:52.657062400 ERROR Database write failed: Unknown database 'ruleengine'
2026-04-17T15:25:52.658071600 INFO  Rule engine finished
2026-04-17T15:26:39.352234600 INFO  Starting rule engine
2026-04-17T15:26:39.640100800 INFO  Read 1000 rows from CSV
2026-04-17T15:26:40.535095600 ERROR Database write failed: Unknown database 'ruleengine'
2026-04-17T15:26:40.535095600 INFO  Rule engine finished
2026-04-17T15:28:17.380672300 INFO  Starting rule engine
2026-04-17T15:28:17.659053300 INFO  Read 1000 rows from CSV
2026-04-17T15:28:18.532985300 ERROR Database write failed: Unknown database 'ruleengine'
2026-04-17T15:28:18.533983900 INFO  Rule engine finished
2026-04-17T15:30:09.852389 INFO  Starting rule engine
2026-04-17T15:30:10.149762300 INFO  Read 1000 rows from CSV
2026-04-17T15:30:14.190189300 INFO  All records written to database successfully
2026-04-17T15:30:14.191190100 INFO  Rule engine finished
